50.0 APEX_CODE,FINEST;APEX_PROFILING,INFO;CALLOUT,INFO;DB,INFO;NBA,INFO;SYSTEM,DEBUG;VALIDATION,INFO;VISUALFORCE,FINER;WAVE,INFO;WORKFLOW,INFO
17:53:47.0 (222981)|USER_INFO|[EXTERNAL]|0051D000005bG20|test-wwkb9rvarsh6@example.com|(GMT-08:00) Pacific Standard Time (America/Los_Angeles)|GMT-08:00
17:53:47.0 (326880)|EXECUTION_STARTED
17:53:47.0 (335507)|CODE_UNIT_STARTED|[EXTERNAL]|TRIGGERS
17:53:47.0 (376816)|CODE_UNIT_STARTED|[EXTERNAL]|01q1D000000to4x|AccountTrigger on Account trigger event BeforeInsert|__sfdc_trigger/AccountTrigger
17:53:47.0 (459703)|HEAP_ALLOCATE|[EXTERNAL]|Bytes:8
17:53:47.0 (1325438)|HEAP_ALLOCATE|[79]|Bytes:3
17:53:47.0 (1486259)|HEAP_ALLOCATE|[84]|Bytes:152
17:53:47.0 (1511079)|HEAP_ALLOCATE|[399]|Bytes:408
17:53:47.0 (1531815)|HEAP_ALLOCATE|[412]|Bytes:408
17:53:47.0 (1549129)|HEAP_ALLOCATE|[520]|Bytes:48
17:53:47.0 (1588430)|HEAP_ALLOCATE|[139]|Bytes:6
17:53:47.0 (1612479)|HEAP_ALLOCATE|[EXTERNAL]|Bytes:1
17:53:47.0 (1965280)|VARIABLE_SCOPE_BEGIN|[17]|System.Request.instance|System.RequestImpl|true|true
17:53:47.0 (2058722)|HEAP_ALLOCATE|[EXTERNAL]|Bytes:12
17:53:47.0 (2114658)|VARIABLE_SCOPE_BEGIN|[1]|this|AccountTrigger|true|false
17:53:47.0 (2470303)|VARIABLE_ASSIGNMENT|[1]|this|{}|0x59e91c2
17:53:47.0 (2555388)|HEAP_ALLOCATE|[EXTERNAL]|Bytes:12
17:53:47.0 (2566858)|VARIABLE_SCOPE_BEGIN|[1]|this|AccountTrigger|true|false
17:53:47.0 (2611630)|VARIABLE_ASSIGNMENT|[1]|this|{}|0x59e91c2
17:53:47.0 (2632294)|STATEMENT_EXECUTE|[1]
17:53:47.0 (2635309)|STATEMENT_EXECUTE|[2]
17:53:47.0 (2644592)|HEAP_ALLOCATE|[2]|Bytes:2
17:53:47.0 (2775851)|SYSTEM_METHOD_ENTRY|[16]|Request.Request()
17:53:47.0 (2791088)|STATEMENT_EXECUTE|[16]
17:53:47.0 (4783688)|SYSTEM_METHOD_EXIT|[16]|Request
17:53:47.0 (4923413)|METHOD_ENTRY|[2]||System.Request.getCurrent()
17:53:47.0 (7253110)|METHOD_EXIT|[2]||System.Request.getCurrent()
17:53:47.0 (7317012)|VARIABLE_ASSIGNMENT|[2]|this.reqInfo|0x169b627|0x59e91c2
17:53:47.0 (7331581)|STATEMENT_EXECUTE|[3]
17:53:47.0 (7358119)|METHOD_ENTRY|[3]||System.RequestImpl.getQuiddity()
17:53:47.0 (7437457)|METHOD_EXIT|[3]||System.RequestImpl.getQuiddity()
17:53:47.0 (7461238)|VARIABLE_ASSIGNMENT|[3]|this.quiddity|0x78acbd5e|0x59e91c2
17:53:47.0 (7472779)|STATEMENT_EXECUTE|[4]
17:53:47.0 (7477219)|HEAP_ALLOCATE|[4]|Bytes:12
17:53:47.0 (7619697)|HEAP_ALLOCATE|[4]|Bytes:11
17:53:47.0 (7653539)|HEAP_ALLOCATE|[4]|Bytes:23
17:53:47.0 (7716254)|USER_DEBUG|[4]|DEBUG|Quiddity is SYNCHRONOUS
17:53:47.7 (7775236)|CUMULATIVE_LIMIT_USAGE
17:53:47.7 (7775236)|LIMIT_USAGE_FOR_NS|(default)|
  Number of SOQL queries: 0 out of 100
  Number of query rows: 0 out of 50000
  Number of SOSL queries: 0 out of 20
  Number of DML statements: 0 out of 150
  Number of Publish Immediate DML: 0 out of 150
  Number of DML rows: 0 out of 10000
  Maximum CPU time: 0 out of 10000
  Maximum heap size: 0 out of 6000000
  Number of callouts: 0 out of 100
  Number of Email Invocations: 0 out of 10
  Number of future calls: 0 out of 50
  Number of queueable jobs added to the queue: 0 out of 50
  Number of Mobile Apex push calls: 0 out of 10

17:53:47.7 (7775236)|CUMULATIVE_LIMIT_USAGE_END

17:53:47.0 (9652469)|CODE_UNIT_FINISHED|AccountTrigger on Account trigger event BeforeInsert|__sfdc_trigger/AccountTrigger
17:53:47.0 (11492550)|CODE_UNIT_STARTED|[EXTERNAL]|DuplicateDetector
17:53:47.0 (11512509)|DUPLICATE_DETECTION_BEGIN
17:53:47.0 (11579462)|DUPLICATE_DETECTION_RULE_INVOCATION|DuplicateRuleId:0Bm1D0000031ttm|DuplicateRuleName:Standard Account Duplicate Rule|DmlType:INSERT
17:53:47.0 (61317775)|DUPLICATE_DETECTION_MATCH_INVOCATION_DETAILS|EntityType:Account|ActionTaken:Allow_[Alert,Report]|DuplicateRecordIds:
17:53:47.0 (61348353)|DUPLICATE_DETECTION_MATCH_INVOCATION_SUMMARY|EntityType:Account|NumRecordsToBeSaved:1|NumRecordsToBeSavedWithDuplicates:0|NumDuplicateRecordsFound:0
17:53:47.0 (61545758)|DUPLICATE_DETECTION_END
17:53:47.0 (61560141)|CODE_UNIT_FINISHED|DuplicateDetector
17:53:47.0 (261766378)|CODE_UNIT_STARTED|[EXTERNAL]|DuplicateDetector
17:53:47.0 (261797650)|DUPLICATE_DETECTION_BEGIN
17:53:47.0 (261844309)|DUPLICATE_DETECTION_RULE_INVOCATION|DuplicateRuleId:0Bm1D0000031ttm|DuplicateRuleName:Standard Account Duplicate Rule|DmlType:INSERT
17:53:47.0 (275307112)|DUPLICATE_DETECTION_END
17:53:47.0 (275323559)|CODE_UNIT_FINISHED|DuplicateDetector
17:53:47.0 (275533093)|CODE_UNIT_FINISHED|TRIGGERS
17:53:47.0 (275543849)|EXECUTION_FINISHED
