50.0 APEX_CODE,FINEST;APEX_PROFILING,INFO;CALLOUT,INFO;DB,INFO;NBA,INFO;SYSTEM,DEBUG;VALIDATION,INFO;VISUALFORCE,FINER;WAVE,INFO;WORKFLOW,INFO
17:52:34.2 (2503639)|USER_INFO|[EXTERNAL]|0051D000005bG20|test-wwkb9rvarsh6@example.com|(GMT-08:00) Pacific Standard Time (America/Los_Angeles)|GMT-08:00
17:52:34.2 (2538928)|EXECUTION_STARTED
17:52:34.2 (2544439)|CODE_UNIT_STARTED|[EXTERNAL]|TRIGGERS
17:52:34.2 (2577366)|CODE_UNIT_STARTED|[EXTERNAL]|01q1D000000to4x|AccountTrigger on Account trigger event BeforeInsert|__sfdc_trigger/AccountTrigger
17:52:34.2 (5516723)|HEAP_ALLOCATE|[EXTERNAL]|Bytes:8
17:52:34.2 (6085816)|HEAP_ALLOCATE|[79]|Bytes:3
17:52:34.2 (6146740)|HEAP_ALLOCATE|[84]|Bytes:152
17:52:34.2 (6162587)|HEAP_ALLOCATE|[399]|Bytes:408
17:52:34.2 (6177005)|HEAP_ALLOCATE|[412]|Bytes:408
17:52:34.2 (6189510)|HEAP_ALLOCATE|[520]|Bytes:48
17:52:34.2 (6225898)|HEAP_ALLOCATE|[139]|Bytes:6
17:52:34.2 (6242586)|HEAP_ALLOCATE|[EXTERNAL]|Bytes:1
17:52:34.2 (6362020)|VARIABLE_SCOPE_BEGIN|[17]|System.Request.instance|System.RequestImpl|true|true
17:52:34.2 (6435831)|HEAP_ALLOCATE|[EXTERNAL]|Bytes:12
17:52:34.2 (6455844)|VARIABLE_SCOPE_BEGIN|[1]|this|AccountTrigger|true|false
17:52:34.2 (6530929)|VARIABLE_ASSIGNMENT|[1]|this|{}|0x3195e6e1
17:52:34.2 (6594560)|HEAP_ALLOCATE|[EXTERNAL]|Bytes:12
17:52:34.2 (6659663)|VARIABLE_SCOPE_BEGIN|[1]|this|AccountTrigger|true|false
17:52:34.2 (6681746)|VARIABLE_ASSIGNMENT|[1]|this|{}|0x3195e6e1
17:52:34.2 (6691221)|STATEMENT_EXECUTE|[1]
17:52:34.2 (6693580)|STATEMENT_EXECUTE|[2]
17:52:34.2 (6715713)|HEAP_ALLOCATE|[2]|Bytes:2
17:52:34.2 (6796062)|SYSTEM_METHOD_ENTRY|[16]|Request.Request()
17:52:34.2 (6803093)|STATEMENT_EXECUTE|[16]
17:52:34.2 (9000006)|SYSTEM_METHOD_EXIT|[16]|Request
17:52:34.2 (9078455)|METHOD_ENTRY|[2]||System.Request.getCurrent()
17:52:34.2 (9562573)|METHOD_EXIT|[2]||System.Request.getCurrent()
17:52:34.2 (9619624)|VARIABLE_ASSIGNMENT|[2]|this.reqInfo|0x76ea8438|0x3195e6e1
17:52:34.2 (9634189)|STATEMENT_EXECUTE|[3]
17:52:34.2 (9658652)|METHOD_ENTRY|[3]||System.RequestImpl.getQuiddity()
17:52:34.2 (9742889)|METHOD_EXIT|[3]||System.RequestImpl.getQuiddity()
17:52:34.2 (9767278)|VARIABLE_ASSIGNMENT|[3]|this.quiddity|0x6856c6ea|0x3195e6e1
17:52:34.2 (9779248)|STATEMENT_EXECUTE|[4]
17:52:34.2 (9784225)|HEAP_ALLOCATE|[4]|Bytes:12
17:52:34.2 (9882005)|HEAP_ALLOCATE|[4]|Bytes:11
17:52:34.2 (9914656)|HEAP_ALLOCATE|[4]|Bytes:23
17:52:34.2 (9944492)|USER_DEBUG|[4]|DEBUG|Quiddity is SYNCHRONOUS
17:52:34.18 (18806475)|CUMULATIVE_LIMIT_USAGE
17:52:34.18 (18806475)|LIMIT_USAGE_FOR_NS|(default)|
  Number of SOQL queries: 0 out of 100
  Number of query rows: 0 out of 50000
  Number of SOSL queries: 0 out of 20
  Number of DML statements: 0 out of 150
  Number of Publish Immediate DML: 0 out of 150
  Number of DML rows: 0 out of 10000
  Maximum CPU time: 0 out of 10000
  Maximum heap size: 0 out of 6000000
  Number of callouts: 0 out of 100
  Number of Email Invocations: 0 out of 10
  Number of future calls: 0 out of 50
  Number of queueable jobs added to the queue: 0 out of 50
  Number of Mobile Apex push calls: 0 out of 10

17:52:34.18 (18806475)|CUMULATIVE_LIMIT_USAGE_END

17:52:34.2 (93961101)|CODE_UNIT_FINISHED|AccountTrigger on Account trigger event BeforeInsert|__sfdc_trigger/AccountTrigger
17:52:34.2 (102869859)|CODE_UNIT_STARTED|[EXTERNAL]|DuplicateDetector
17:52:34.2 (102955809)|DUPLICATE_DETECTION_BEGIN
17:52:34.2 (106861561)|DUPLICATE_DETECTION_RULE_INVOCATION|DuplicateRuleId:0Bm1D0000031ttm|DuplicateRuleName:Standard Account Duplicate Rule|DmlType:INSERT
17:52:34.2 (159734326)|DUPLICATE_DETECTION_MATCH_INVOCATION_DETAILS|EntityType:Account|ActionTaken:Allow_[Alert,Report]|DuplicateRecordIds:
17:52:34.2 (159767075)|DUPLICATE_DETECTION_MATCH_INVOCATION_SUMMARY|EntityType:Account|NumRecordsToBeSaved:1|NumRecordsToBeSavedWithDuplicates:0|NumDuplicateRecordsFound:0
17:52:34.2 (159989547)|DUPLICATE_DETECTION_END
17:52:34.2 (160000186)|CODE_UNIT_FINISHED|DuplicateDetector
17:52:34.2 (371732639)|CODE_UNIT_STARTED|[EXTERNAL]|DuplicateDetector
17:52:34.2 (371767442)|DUPLICATE_DETECTION_BEGIN
17:52:34.2 (371831838)|DUPLICATE_DETECTION_RULE_INVOCATION|DuplicateRuleId:0Bm1D0000031ttm|DuplicateRuleName:Standard Account Duplicate Rule|DmlType:INSERT
17:52:34.2 (384423509)|DUPLICATE_DETECTION_END
17:52:34.2 (384438808)|CODE_UNIT_FINISHED|DuplicateDetector
17:52:34.2 (386074080)|CODE_UNIT_FINISHED|TRIGGERS
17:52:34.2 (386086212)|EXECUTION_FINISHED
